Using pre-set license
Built from '2021.3/staging' branch; Version is '2021.3.25f1 (68ef2c4f8861) revision 6876972'; Using compiler version '192829333'; Build Type 'Release'
OS: 'Windows 11  (10.0.22621) 64bit Core' Language: 'ja' Physical Memory: 16335 MB
BatchMode: 1, IsHumanControllingUs: 0, StartBugReporterOnCrash: 0, Is64bit: 1, IsPro: 1

COMMAND LINE ARGUMENTS:
C:\Program Files\Unity\Hub\Editor\2021.3.25f1\Editor\Unity.exe
-adb2
-batchMode
-noUpm
-name
AssetImportWorker3
-projectPath
D:/uniunity/HexaShogi
-logFile
Logs/AssetImportWorker3.log
-srvPort
53358
Successfully changed project path to: D:/uniunity/HexaShogi
D:/uniunity/HexaShogi
[UnityMemory] Configuration Parameters - Can be set up in boot.config
    "memorysetup-bucket-allocator-granularity=16"
    "memorysetup-bucket-allocator-bucket-count=8"
    "memorysetup-bucket-allocator-block-size=33554432"
    "memorysetup-bucket-allocator-block-count=8"
    "memorysetup-main-allocator-block-size=16777216"
    "memorysetup-thread-allocator-block-size=16777216"
    "memorysetup-gfx-main-allocator-block-size=16777216"
    "memorysetup-gfx-thread-allocator-block-size=16777216"
    "memorysetup-cache-allocator-block-size=4194304"
    "memorysetup-typetree-allocator-block-size=2097152"
    "memorysetup-profiler-bucket-allocator-granularity=16"
    "memorysetup-profiler-bucket-allocator-bucket-count=8"
    "memorysetup-profiler-bucket-allocator-block-size=33554432"
    "memorysetup-profiler-bucket-allocator-block-count=8"
    "memorysetup-profiler-allocator-block-size=16777216"
    "memorysetup-profiler-editor-allocator-block-size=1048576"
    "memorysetup-temp-allocator-size-main=16777216"
    "memorysetup-job-temp-allocator-block-size=2097152"
    "memorysetup-job-temp-allocator-block-size-background=1048576"
    "memorysetup-job-temp-allocator-reduction-small-platforms=262144"
    "memorysetup-temp-allocator-size-background-worker=32768"
    "memorysetup-temp-allocator-size-job-worker=262144"
    "memorysetup-temp-allocator-size-preload-manager=33554432"
    "memorysetup-temp-allocator-size-nav-mesh-worker=65536"
    "memorysetup-temp-allocator-size-audio-worker=65536"
    "memorysetup-temp-allocator-size-cloud-worker=32768"
    "memorysetup-temp-allocator-size-gi-baking-worker=262144"
    "memorysetup-temp-allocator-size-gfx=262144"
Player connection [3760] Host "[IP] 192.168.179.8 [Port] 0 [Flags] 2 [Guid] 809121176 [EditorId] 809121176 [Version] 1048832 [Id] WindowsEditor(7,CacaoPC) [Debug] 1 [PackageName] WindowsEditor [ProjectName] Editor" joined multi-casting on [225.0.0.222:54997]...

Player connection [3760] Host "[IP] 192.168.179.8 [Port] 0 [Flags] 2 [Guid] 809121176 [EditorId] 809121176 [Version] 1048832 [Id] WindowsEditor(7,CacaoPC) [Debug] 1 [PackageName] WindowsEditor [ProjectName] Editor" joined alternative multi-casting on [225.0.0.222:34997]...

received signal from system: SIGSEGV
Obtained 19 stack frames
0x00007ff7ef11f3bd (Unity) StackWalker::GetCurrentCallstack
0x00007ff7ef125f79 (Unity) StackWalker::ShowCallstack
0x00007ff7f00c2323 (Unity) GetStacktrace
0x00007ff7ef124fb6 (Unity) winutils::PrintStackTrace
0x00007ff7ef11e9ec (Unity) winutils::CrashHandler::DefaultSignalHandler
0x00007ff7f1502a5e (Unity) seh_filter_exe
0x00007ff7f15c46c8 (Unity) `__scrt_common_main_seh'::`1'::filt$0
0x00007ff7f14cf390 (Unity) _C_specific_handler
0x00007ffb807d3cff (ntdll) _chkstk
0x00007ffb8074e456 (ntdll) RtlFindCharInUnicodeString
0x00007ffb807d2cee (ntdll) KiUserExceptionDispatcher
0x00007ff7f0452cc1 (Unity) SyncAssetFoldersWithDB
0x00007ff7f04404c5 (Unity) InitializeAssetDatabaseV2
0x00007ff7f03c03d5 (Unity) AssetDatabase::InitializeAssetDatabase
0x00007ff7efc65d9f (Unity) Application::InitializeProject
0x00007ff7f00cca88 (Unity) WinMain
0x00007ff7f14accfe (Unity) __scrt_common_main_seh
0x00007ffb7f4b26ad (KERNEL32) BaseThreadInitThunk
0x00007ffb8078a9f8 (ntdll) RtlUserThreadStart

